0 info it worked if it ends with ok
1 verbose cli [ '/usr/bin/nodejs', '/usr/bin/npm', 'start' ]
2 info using npm@3.10.3
3 info using node@v6.3.1
4 verbose config Skipping project config: /home/daniel/.npmrc. (matches userconfig)
5 verbose run-script [ 'prestart', 'start', 'poststart' ]
6 info lifecycle starter-node-angular@~prestart: starter-node-angular@
7 silly lifecycle starter-node-angular@~prestart: no script for prestart, continuing
8 info lifecycle starter-node-angular@~start: starter-node-angular@
9 verbose lifecycle starter-node-angular@~start: unsafe-perm in lifecycle true
10 verbose lifecycle starter-node-angular@~start: PATH: /usr/lib/node_modules/npm/bin/node-gyp-bin:/home/daniel/node_modules/.bin:/usr/bin:/home/daniel/.local/share/umake/bin:/usr/local/sbin:/usr/local/bin:/usr/sbin:/usr/bin:/sbin:/bin:/usr/games:/usr/local/games
11 verbose lifecycle starter-node-angular@~start: CWD: /home/daniel
12 silly lifecycle starter-node-angular@~start: Args: [ '-c', 'node server.js' ]
13 silly lifecycle starter-node-angular@~start: Returned: code: 1  signal: null
14 info lifecycle starter-node-angular@~start: Failed to exec start script
15 verbose stack Error: starter-node-angular@ start: `node server.js`
15 verbose stack Exit status 1
15 verbose stack     at EventEmitter.<anonymous> (/usr/lib/node_modules/npm/lib/utils/lifecycle.js:242:16)
15 verbose stack     at emitTwo (events.js:106:13)
15 verbose stack     at EventEmitter.emit (events.js:191:7)
15 verbose stack     at ChildProcess.<anonymous> (/usr/lib/node_modules/npm/lib/utils/spawn.js:40:14)
15 verbose stack     at emitTwo (events.js:106:13)
15 verbose stack     at ChildProcess.emit (events.js:191:7)
15 verbose stack     at maybeClose (internal/child_process.js:852:16)
15 verbose stack     at Process.ChildProcess._handle.onexit (internal/child_process.js:215:5)
16 verbose pkgid starter-node-angular@
17 verbose cwd /home/daniel/web-dev/patricius
18 error Linux 4.2.0-42-generic
19 error argv "/usr/bin/nodejs" "/usr/bin/npm" "start"
20 error node v6.3.1
21 error npm  v3.10.3
22 error code ELIFECYCLE
23 error starter-node-angular@ start: `node server.js`
23 error Exit status 1
24 error Failed at the starter-node-angular@ start script 'node server.js'.
24 error Make sure you have the latest version of node.js and npm installed.
24 error If you do, this is most likely a problem with the starter-node-angular package,
24 error not with npm itself.
24 error Tell the author that this fails on your system:
24 error     node server.js
24 error You can get information on how to open an issue for this project with:
24 error     npm bugs starter-node-angular
24 error Or if that isn't available, you can get their info via:
24 error     npm owner ls starter-node-angular
24 error There is likely additional logging output above.
25 verbose exit [ 1, true ]
